Determining size of off64_t failed with the following output:
Change Dir: C:/Users/Win/Documents/assimp-3.2/build/CMakeFiles/CMakeTmp

Run Build Command:"C:/Program Files (x86)/MSBuild/12.0/bin/MSBuild.exe" "cmTC_62491.vcxproj" "/p:Configuration=Debug" "/p:VisualStudioVersion=12.0"
Microsoft (R) Build Engine version 12.0.40629.0
[Microsoft .NET Framework, version 4.0.30319.34209]
Copyright (C) Microsoft Corporation. All rights reserved.

Build started 2016-01-27 17:04:22.
Project "C:\Users\Win\Documents\assimp-3.2\build\CMakeFiles\CMakeTmp\cmTC_62491.vcxproj" on node 1 (default targets).
PrepareForBuild:
  Creating directory "cmTC_62491.dir\Debug\".
  Creating directory "C:\Users\Win\Documents\assimp-3.2\build\CMakeFiles\CMakeTmp\Debug\".
  Creating directory "cmTC_62491.dir\Debug\cmTC_62491.tlog\".
InitializeBuildStatus:
  Creating "cmTC_62491.dir\Debug\cmTC_62491.tlog\unsuccessfulbuild" because "AlwaysCreate" was specified.
ClCompile:
  C:\Program Files (x86)\Microsoft Visual Studio 12.0\VC\bin\CL.exe /c /Zi /W3 /WX- /Od /Ob0 /Oy- /D WIN32 /D _WINDOWS /D _DEBUG /D _LARGEFILE64_SOURCE=1 /D HAVE_SYS_TYPES_H /D HAVE_STDINT_H /D HAVE_STDDEF_H /D "CMAKE_INTDIR=\"Debug\"" /D _MBCS /Gm- /RTC1 /MDd /GS /fp:precise /Zc:wchar_t /Zc:forScope /Fo"cmTC_62491.dir\Debug\\" /Fd"cmTC_62491.dir\Debug\vc120.pdb" /Gd /TC /analyze- /errorReport:queue "C:\Users\Win\Documents\assimp-3.2\build\CMakeFiles\CheckTypeSize\OFF64_T.c"
  Microsoft (R) C/C++ Optimizing Compiler Version 18.00.40629 for x86
  Copyright (C) Microsoft Corporation.  All rights reserved.
  
  cl /c /Zi /W3 /WX- /Od /Ob0 /Oy- /D WIN32 /D _WINDOWS /D _DEBUG /D _LARGEFILE64_SOURCE=1 /D HAVE_SYS_TYPES_H /D HAVE_STDINT_H /D HAVE_STDDEF_H /D "CMAKE_INTDIR=\"Debug\"" /D _MBCS /Gm- /RTC1 /MDd /GS /fp:precise /Zc:wchar_t /Zc:forScope /Fo"cmTC_62491.dir\Debug\\" /Fd"cmTC_62491.dir\Debug\vc120.pdb" /Gd /TC /analyze- /errorReport:queue "C:\Users\Win\Documents\assimp-3.2\build\CMakeFiles\CheckTypeSize\OFF64_T.c"
  
  OFF64_T.c
C:\Users\Win\Documents\assimp-3.2\build\CMakeFiles\CheckTypeSize\OFF64_T.c(19): error C2065: 'off64_t' : undeclared identifier [C:\Users\Win\Documents\assimp-3.2\build\CMakeFiles\CMakeTmp\cmTC_62491.vcxproj]
C:\Users\Win\Documents\assimp-3.2\build\CMakeFiles\CheckTypeSize\OFF64_T.c(20): error C2065: 'off64_t' : undeclared identifier [C:\Users\Win\Documents\assimp-3.2\build\CMakeFiles\CMakeTmp\cmTC_62491.vcxproj]
C:\Users\Win\Documents\assimp-3.2\build\CMakeFiles\CheckTypeSize\OFF64_T.c(21): error C2065: 'off64_t' : undeclared identifier [C:\Users\Win\Documents\assimp-3.2\build\CMakeFiles\CMakeTmp\cmTC_62491.vcxproj]
C:\Users\Win\Documents\assimp-3.2\build\CMakeFiles\CheckTypeSize\OFF64_T.c(22): error C2065: 'off64_t' : undeclared identifier [C:\Users\Win\Documents\assimp-3.2\build\CMakeFiles\CMakeTmp\cmTC_62491.vcxproj]
C:\Users\Win\Documents\assimp-3.2\build\CMakeFiles\CheckTypeSize\OFF64_T.c(23): error C2065: 'off64_t' : undeclared identifier [C:\Users\Win\Documents\assimp-3.2\build\CMakeFiles\CMakeTmp\cmTC_62491.vcxproj]
Done Building Project "C:\Users\Win\Documents\assimp-3.2\build\CMakeFiles\CMakeTmp\cmTC_62491.vcxproj" (default targets) -- FAILED.

Build FAILED.

"C:\Users\Win\Documents\assimp-3.2\build\CMakeFiles\CMakeTmp\cmTC_62491.vcxproj" (default target) (1) ->
(ClCompile target) -> 
  C:\Users\Win\Documents\assimp-3.2\build\CMakeFiles\CheckTypeSize\OFF64_T.c(19): error C2065: 'off64_t' : undeclared identifier [C:\Users\Win\Documents\assimp-3.2\build\CMakeFiles\CMakeTmp\cmTC_62491.vcxproj]
  C:\Users\Win\Documents\assimp-3.2\build\CMakeFiles\CheckTypeSize\OFF64_T.c(20): error C2065: 'off64_t' : undeclared identifier [C:\Users\Win\Documents\assimp-3.2\build\CMakeFiles\CMakeTmp\cmTC_62491.vcxproj]
  C:\Users\Win\Documents\assimp-3.2\build\CMakeFiles\CheckTypeSize\OFF64_T.c(21): error C2065: 'off64_t' : undeclared identifier [C:\Users\Win\Documents\assimp-3.2\build\CMakeFiles\CMakeTmp\cmTC_62491.vcxproj]
  C:\Users\Win\Documents\assimp-3.2\build\CMakeFiles\CheckTypeSize\OFF64_T.c(22): error C2065: 'off64_t' : undeclared identifier [C:\Users\Win\Documents\assimp-3.2\build\CMakeFiles\CMakeTmp\cmTC_62491.vcxproj]
  C:\Users\Win\Documents\assimp-3.2\build\CMakeFiles\CheckTypeSize\OFF64_T.c(23): error C2065: 'off64_t' : undeclared identifier [C:\Users\Win\Documents\assimp-3.2\build\CMakeFiles\CMakeTmp\cmTC_62491.vcxproj]

    0 Warning(s)
    5 Error(s)

Time Elapsed 00:00:00.24

C:/Users/Win/Documents/assimp-3.2/build/CMakeFiles/CheckTypeSize/OFF64_T.c:
#include <sys/types.h>
#include <stdint.h>
#include <stddef.h>


#undef KEY
#if defined(__i386)
# define KEY '_','_','i','3','8','6'
#elif defined(__x86_64)
# define KEY '_','_','x','8','6','_','6','4'
#elif defined(__ppc__)
# define KEY '_','_','p','p','c','_','_'
#elif defined(__ppc64__)
# define KEY '_','_','p','p','c','6','4','_','_'
#endif

#define SIZE (sizeof(off64_t))
char info_size[] =  {'I', 'N', 'F', 'O', ':', 's','i','z','e','[',
  ('0' + ((SIZE / 10000)%10)),
  ('0' + ((SIZE / 1000)%10)),
  ('0' + ((SIZE / 100)%10)),
  ('0' + ((SIZE / 10)%10)),
  ('0' +  (SIZE    % 10)),
  ']',
#ifdef KEY
  ' ','k','e','y','[', KEY, ']',
#endif
  '\0'};

#ifdef __CLASSIC_C__
int main(argc, argv) int argc; char *argv[];
#else
int main(int argc, char *argv[])
#endif
{
  int require = 0;
  require += info_size[argc];
  (void)argv;
  return require;
}


Determining if the function fseeko exists failed with the following output:
Change Dir: C:/Users/Win/Documents/assimp-3.2/build/CMakeFiles/CMakeTmp

Run Build Command:"C:/Program Files (x86)/MSBuild/12.0/bin/MSBuild.exe" "cmTC_411e7.vcxproj" "/p:Configuration=Debug" "/p:VisualStudioVersion=12.0"
Microsoft (R) Build Engine version 12.0.40629.0
[Microsoft .NET Framework, version 4.0.30319.34209]
Copyright (C) Microsoft Corporation. All rights reserved.

Build started 2016-01-27 17:04:23.
Project "C:\Users\Win\Documents\assimp-3.2\build\CMakeFiles\CMakeTmp\cmTC_411e7.vcxproj" on node 1 (default targets).
PrepareForBuild:
  Creating directory "cmTC_411e7.dir\Debug\".
  Creating directory "C:\Users\Win\Documents\assimp-3.2\build\CMakeFiles\CMakeTmp\Debug\".
  Creating directory "cmTC_411e7.dir\Debug\cmTC_411e7.tlog\".
InitializeBuildStatus:
  Creating "cmTC_411e7.dir\Debug\cmTC_411e7.tlog\unsuccessfulbuild" because "AlwaysCreate" was specified.
ClCompile:
  C:\Program Files (x86)\Microsoft Visual Studio 12.0\VC\bin\CL.exe /c /Zi /W3 /WX- /Od /Ob0 /Oy- /D WIN32 /D _WINDOWS /D CHECK_FUNCTION_EXISTS=fseeko /D _DEBUG /D "CMAKE_INTDIR=\"Debug\"" /D _MBCS /Gm- /RTC1 /MDd /GS /fp:precise /Zc:wchar_t /Zc:forScope /Fo"cmTC_411e7.dir\Debug\\" /Fd"cmTC_411e7.dir\Debug\vc120.pdb" /Gd /TC /analyze- /errorReport:queue "C:\Program Files (x86)\CMake\share\cmake-3.4\Modules\CheckFunctionExists.c"
  Microsoft (R) C/C++ Optimizing Compiler Version 18.00.40629 for x86
  Copyright (C) Microsoft Corporation.  All rights reserved.
  
  cl /c /Zi /W3 /WX- /Od /Ob0 /Oy- /D WIN32 /D _WINDOWS /D CHECK_FUNCTION_EXISTS=fseeko /D _DEBUG /D "CMAKE_INTDIR=\"Debug\"" /D _MBCS /Gm- /RTC1 /MDd /GS /fp:precise /Zc:wchar_t /Zc:forScope /Fo"cmTC_411e7.dir\Debug\\" /Fd"cmTC_411e7.dir\Debug\vc120.pdb" /Gd /TC /analyze- /errorReport:queue "C:\Program Files (x86)\CMake\share\cmake-3.4\Modules\CheckFunctionExists.c"
  
  CheckFunctionExists.c
Link:
  C:\Program Files (x86)\Microsoft Visual Studio 12.0\VC\bin\link.exe /ERRORREPORT:QUEUE /OUT:"C:\Users\Win\Documents\assimp-3.2\build\CMakeFiles\CMakeTmp\Debug\cmTC_411e7.exe" /INCREMENTAL /NOLOGO kernel32.lib user32.lib gdi32.lib winspool.lib shell32.lib ole32.lib oleaut32.lib uuid.lib comdlg32.lib advapi32.lib /MANIFEST /MANIFESTUAC:"level='asInvoker' uiAccess='false'" /manifest:embed /DEBUG /PDB:"C:/Users/Win/Documents/assimp-3.2/build/CMakeFiles/CMakeTmp/Debug/cmTC_411e7.pdb" /SUBSYSTEM:CONSOLE /TLBID:1 /DYNAMICBASE /NXCOMPAT /IMPLIB:"C:/Users/Win/Documents/assimp-3.2/build/CMakeFiles/CMakeTmp/Debug/cmTC_411e7.lib" /MACHINE:X86 /SAFESEH  /machine:X86 /debug cmTC_411e7.dir\Debug\CheckFunctionExists.obj
CheckFunctionExists.obj : error LNK2019: unresolved external symbol _fseeko referenced in function _main [C:\Users\Win\Documents\assimp-3.2\build\CMakeFiles\CMakeTmp\cmTC_411e7.vcxproj]
C:\Users\Win\Documents\assimp-3.2\build\CMakeFiles\CMakeTmp\Debug\cmTC_411e7.exe : fatal error LNK1120: 1 unresolved externals [C:\Users\Win\Documents\assimp-3.2\build\CMakeFiles\CMakeTmp\cmTC_411e7.vcxproj]
Done Building Project "C:\Users\Win\Documents\assimp-3.2\build\CMakeFiles\CMakeTmp\cmTC_411e7.vcxproj" (default targets) -- FAILED.

Build FAILED.

"C:\Users\Win\Documents\assimp-3.2\build\CMakeFiles\CMakeTmp\cmTC_411e7.vcxproj" (default target) (1) ->
(Link target) -> 
  CheckFunctionExists.obj : error LNK2019: unresolved external symbol _fseeko referenced in function _main [C:\Users\Win\Documents\assimp-3.2\build\CMakeFiles\CMakeTmp\cmTC_411e7.vcxproj]
  C:\Users\Win\Documents\assimp-3.2\build\CMakeFiles\CMakeTmp\Debug\cmTC_411e7.exe : fatal error LNK1120: 1 unresolved externals [C:\Users\Win\Documents\assimp-3.2\build\CMakeFiles\CMakeTmp\cmTC_411e7.vcxproj]

    0 Warning(s)
    2 Error(s)

Time Elapsed 00:00:00.32


Determining if the include file unistd.h exists failed with the following output:
Change Dir: C:/Users/Win/Documents/assimp-3.2/build/CMakeFiles/CMakeTmp

Run Build Command:"C:/Program Files (x86)/MSBuild/12.0/bin/MSBuild.exe" "cmTC_a781a.vcxproj" "/p:Configuration=Debug" "/p:VisualStudioVersion=12.0"
Microsoft (R) Build Engine version 12.0.40629.0
[Microsoft .NET Framework, version 4.0.30319.34209]
Copyright (C) Microsoft Corporation. All rights reserved.

Build started 2016-01-27 17:04:23.
Project "C:\Users\Win\Documents\assimp-3.2\build\CMakeFiles\CMakeTmp\cmTC_a781a.vcxproj" on node 1 (default targets).
PrepareForBuild:
  Creating directory "cmTC_a781a.dir\Debug\".
  Creating directory "C:\Users\Win\Documents\assimp-3.2\build\CMakeFiles\CMakeTmp\Debug\".
  Creating directory "cmTC_a781a.dir\Debug\cmTC_a781a.tlog\".
InitializeBuildStatus:
  Creating "cmTC_a781a.dir\Debug\cmTC_a781a.tlog\unsuccessfulbuild" because "AlwaysCreate" was specified.
ClCompile:
  C:\Program Files (x86)\Microsoft Visual Studio 12.0\VC\bin\CL.exe /c /Zi /W3 /WX- /Od /Ob0 /Oy- /D WIN32 /D _WINDOWS /D _DEBUG /D "CMAKE_INTDIR=\"Debug\"" /D _MBCS /Gm- /RTC1 /MDd /GS /fp:precise /Zc:wchar_t /Zc:forScope /Fo"cmTC_a781a.dir\Debug\\" /Fd"cmTC_a781a.dir\Debug\vc120.pdb" /Gd /TC /analyze- /errorReport:queue "C:\Users\Win\Documents\assimp-3.2\build\CMakeFiles\CMakeTmp\CheckIncludeFile.c"
  Microsoft (R) C/C++ Optimizing Compiler Version 18.00.40629 for x86
  Copyright (C) Microsoft Corporation.  All rights reserved.
  
  cl /c /Zi /W3 /WX- /Od /Ob0 /Oy- /D WIN32 /D _WINDOWS /D _DEBUG /D "CMAKE_INTDIR=\"Debug\"" /D _MBCS /Gm- /RTC1 /MDd /GS /fp:precise /Zc:wchar_t /Zc:forScope /Fo"cmTC_a781a.dir\Debug\\" /Fd"cmTC_a781a.dir\Debug\vc120.pdb" /Gd /TC /analyze- /errorReport:queue "C:\Users\Win\Documents\assimp-3.2\build\CMakeFiles\CMakeTmp\CheckIncludeFile.c"
  
  CheckIncludeFile.c
C:\Users\Win\Documents\assimp-3.2\build\CMakeFiles\CMakeTmp\CheckIncludeFile.c(1): fatal error C1083: Cannot open include file: 'unistd.h': No such file or directory [C:\Users\Win\Documents\assimp-3.2\build\CMakeFiles\CMakeTmp\cmTC_a781a.vcxproj]
Done Building Project "C:\Users\Win\Documents\assimp-3.2\build\CMakeFiles\CMakeTmp\cmTC_a781a.vcxproj" (default targets) -- FAILED.

Build FAILED.

"C:\Users\Win\Documents\assimp-3.2\build\CMakeFiles\CMakeTmp\cmTC_a781a.vcxproj" (default target) (1) ->
(ClCompile target) -> 
  C:\Users\Win\Documents\assimp-3.2\build\CMakeFiles\CMakeTmp\CheckIncludeFile.c(1): fatal error C1083: Cannot open include file: 'unistd.h': No such file or directory [C:\Users\Win\Documents\assimp-3.2\build\CMakeFiles\CMakeTmp\cmTC_a781a.vcxproj]

    0 Warning(s)
    1 Error(s)

Time Elapsed 00:00:00.26


Determining if the include file pthread.h exists failed with the following output:
Change Dir: C:/Users/Win/Documents/assimp-3.2/build/CMakeFiles/CMakeTmp

Run Build Command:"C:/Program Files (x86)/MSBuild/12.0/bin/MSBuild.exe" "cmTC_bccf9.vcxproj" "/p:Configuration=Debug" "/p:VisualStudioVersion=12.0"
Microsoft (R) Build Engine version 12.0.40629.0
[Microsoft .NET Framework, version 4.0.30319.34209]
Copyright (C) Microsoft Corporation. All rights reserved.

Build started 2016-01-27 17:04:24.
Project "C:\Users\Win\Documents\assimp-3.2\build\CMakeFiles\CMakeTmp\cmTC_bccf9.vcxproj" on node 1 (default targets).
PrepareForBuild:
  Creating directory "cmTC_bccf9.dir\Debug\".
  Creating directory "C:\Users\Win\Documents\assimp-3.2\build\CMakeFiles\CMakeTmp\Debug\".
  Creating directory "cmTC_bccf9.dir\Debug\cmTC_bccf9.tlog\".
InitializeBuildStatus:
  Creating "cmTC_bccf9.dir\Debug\cmTC_bccf9.tlog\unsuccessfulbuild" because "AlwaysCreate" was specified.
ClCompile:
  C:\Program Files (x86)\Microsoft Visual Studio 12.0\VC\bin\CL.exe /c /Zi /W3 /WX- /Od /Ob0 /Oy- /D WIN32 /D _WINDOWS /D _DEBUG /D "CMAKE_INTDIR=\"Debug\"" /D _MBCS /Gm- /RTC1 /MDd /GS /fp:precise /Zc:wchar_t /Zc:forScope /Fo"cmTC_bccf9.dir\Debug\\" /Fd"cmTC_bccf9.dir\Debug\vc120.pdb" /Gd /TC /analyze- /errorReport:queue "C:\Users\Win\Documents\assimp-3.2\build\CMakeFiles\CMakeTmp\CheckIncludeFile.c"
  Microsoft (R) C/C++ Optimizing Compiler Version 18.00.40629 for x86
  Copyright (C) Microsoft Corporation.  All rights reserved.
  
  cl /c /Zi /W3 /WX- /Od /Ob0 /Oy- /D WIN32 /D _WINDOWS /D _DEBUG /D "CMAKE_INTDIR=\"Debug\"" /D _MBCS /Gm- /RTC1 /MDd /GS /fp:precise /Zc:wchar_t /Zc:forScope /Fo"cmTC_bccf9.dir\Debug\\" /Fd"cmTC_bccf9.dir\Debug\vc120.pdb" /Gd /TC /analyze- /errorReport:queue "C:\Users\Win\Documents\assimp-3.2\build\CMakeFiles\CMakeTmp\CheckIncludeFile.c"
  
  CheckIncludeFile.c
C:\Users\Win\Documents\assimp-3.2\build\CMakeFiles\CMakeTmp\CheckIncludeFile.c(1): fatal error C1083: Cannot open include file: 'pthread.h': No such file or directory [C:\Users\Win\Documents\assimp-3.2\build\CMakeFiles\CMakeTmp\cmTC_bccf9.vcxproj]
Done Building Project "C:\Users\Win\Documents\assimp-3.2\build\CMakeFiles\CMakeTmp\cmTC_bccf9.vcxproj" (default targets) -- FAILED.

Build FAILED.

"C:\Users\Win\Documents\assimp-3.2\build\CMakeFiles\CMakeTmp\cmTC_bccf9.vcxproj" (default target) (1) ->
(ClCompile target) -> 
  C:\Users\Win\Documents\assimp-3.2\build\CMakeFiles\CMakeTmp\CheckIncludeFile.c(1): fatal error C1083: Cannot open include file: 'pthread.h': No such file or directory [C:\Users\Win\Documents\assimp-3.2\build\CMakeFiles\CMakeTmp\cmTC_bccf9.vcxproj]

    0 Warning(s)
    1 Error(s)

Time Elapsed 00:00:00.22


